<?xml version="1.0" encoding="UTF-8"?>
<!-- Generated by org.testng.reporters.JUnitReportReporter -->
<testsuite skipped="0" hostname="DESKTOP-DJOV0GE" name="Account_Page.Account_Test" tests="1" failures="0" timestamp="23 Feb 2021 03:12:53 GMT" time="16.135" errors="0">
  <testcase name="loginwithemail" time="16.135" classname="Account_Page.Account_Test"/>
</testsuite> <!-- Account_Page.Account_Test -->
